2026-03-23 07:43:12	C:\laragon\www\dokuwiki-markdown\inc\parserutils.php(459)	E_WARNING: unserialize(): Error at offset 1365 of 1933 bytes
  #0 [internal function]: dokuwiki\ErrorHandler::errorHandler(2, 'unserialize(): ...', 'C:\\laragon\\www\\...', 459)
  #1 C:\laragon\www\dokuwiki-markdown\inc\parserutils.php(459): unserialize('a:2:{s:7:"curre...')
  #2 C:\laragon\www\dokuwiki-markdown\inc\parserutils.php(264): p_read_metadata('start', true)
  #3 C:\laragon\www\dokuwiki-markdown\inc\common.php(265): p_get_metadata('start')
  #4 C:\laragon\www\dokuwiki-markdown\doku.php(101): pageinfo()
  #5 {main}
2026-03-23 08:10:19	C:\laragon\www\dokuwiki-markdown\inc\parserutils.php(459)	E_WARNING: unserialize(): Error at offset 788 of 1358 bytes
  #0 [internal function]: dokuwiki\ErrorHandler::errorHandler(2, 'unserialize(): ...', 'C:\\laragon\\www\\...', 459)
  #1 C:\laragon\www\dokuwiki-markdown\inc\parserutils.php(459): unserialize('a:2:{s:7:"curre...')
  #2 C:\laragon\www\dokuwiki-markdown\inc\parserutils.php(264): p_read_metadata('obsidian', true)
  #3 C:\laragon\www\dokuwiki-markdown\inc\common.php(265): p_get_metadata('obsidian')
  #4 C:\laragon\www\dokuwiki-markdown\doku.php(101): pageinfo()
  #5 {main}
2026-03-23 08:11:03	C:\laragon\www\dokuwiki-markdown\inc\parserutils.php(459)	E_WARNING: unserialize(): Error at offset 915 of 1802 bytes
  #0 [internal function]: dokuwiki\ErrorHandler::errorHandler(2, 'unserialize(): ...', 'C:\\laragon\\www\\...', 459)
  #1 C:\laragon\www\dokuwiki-markdown\inc\parserutils.php(459): unserialize('a:2:{s:7:"curre...')
  #2 C:\laragon\www\dokuwiki-markdown\inc\parserutils.php(264): p_read_metadata('wiki:dokuwiki', true)
  #3 C:\laragon\www\dokuwiki-markdown\inc\common.php(265): p_get_metadata('wiki:dokuwiki')
  #4 C:\laragon\www\dokuwiki-markdown\doku.php(101): pageinfo()
  #5 {main}
2026-03-23 11:22:14	C:\laragon\www\dokuwiki-markdown\inc\parserutils.php(459)	E_WARNING: unserialize(): Error at offset 840 of 1364 bytes
  #0 [internal function]: dokuwiki\ErrorHandler::errorHandler(2, 'unserialize(): ...', 'C:\\laragon\\www\\...', 459)
  #1 C:\laragon\www\dokuwiki-markdown\inc\parserutils.php(459): unserialize('a:2:{s:7:"curre...')
  #2 C:\laragon\www\dokuwiki-markdown\inc\parserutils.php(264): p_read_metadata('markdowku', true)
  #3 C:\laragon\www\dokuwiki-markdown\inc\common.php(265): p_get_metadata('markdowku')
  #4 C:\laragon\www\dokuwiki-markdown\doku.php(101): pageinfo()
  #5 {main}
2026-03-23 11:26:46	C:\laragon\www\dokuwiki-markdown\inc\parserutils.php(459)	E_WARNING: unserialize(): Error at offset 1183 of 1680 bytes
  #0 [internal function]: dokuwiki\ErrorHandler::errorHandler(2, 'unserialize(): ...', 'C:\\laragon\\www\\...', 459)
  #1 C:\laragon\www\dokuwiki-markdown\inc\parserutils.php(459): unserialize('a:2:{s:7:"curre...')
  #2 C:\laragon\www\dokuwiki-markdown\inc\parserutils.php(264): p_read_metadata('myshortcuts:tex...', true)
  #3 C:\laragon\www\dokuwiki-markdown\inc\common.php(265): p_get_metadata('myshortcuts:tex...')
  #4 C:\laragon\www\dokuwiki-markdown\doku.php(101): pageinfo()
  #5 {main}
2026-03-23 11:26:50	C:\laragon\www\dokuwiki-markdown\inc\parserutils.php(459)	E_WARNING: unserialize(): Error at offset 934 of 1505 bytes
  #0 [internal function]: dokuwiki\ErrorHandler::errorHandler(2, 'unserialize(): ...', 'C:\\laragon\\www\\...', 459)
  #1 C:\laragon\www\dokuwiki-markdown\inc\parserutils.php(459): unserialize('a:2:{s:7:"curre...')
  #2 C:\laragon\www\dokuwiki-markdown\inc\parserutils.php(264): p_read_metadata('myshortcuts', true)
  #3 C:\laragon\www\dokuwiki-markdown\inc\common.php(265): p_get_metadata('myshortcuts')
  #4 C:\laragon\www\dokuwiki-markdown\doku.php(101): pageinfo()
  #5 {main}
