2026-03-28 12:02:22	C:\Users\usuario\www\Wiki\inc\parserutils.php(459)	E_WARNING: unserialize(): Error at offset 915 of 1802 bytes
  #0 [internal function]: dokuwiki\ErrorHandler::errorHandler(2, 'unserialize(): ...', 'C:\\Users\\usuari...', 459)
  #1 C:\Users\usuario\www\Wiki\inc\parserutils.php(459): unserialize('a:2:{s:7:"curre...')
  #2 C:\Users\usuario\www\Wiki\inc\parserutils.php(264): p_read_metadata('wiki:dokuwiki', true)
  #3 C:\Users\usuario\www\Wiki\inc\common.php(265): p_get_metadata('wiki:dokuwiki')
  #4 C:\Users\usuario\www\Wiki\doku.php(101): pageinfo()
  #5 {main}
2026-03-28 12:02:26	C:\Users\usuario\www\Wiki\inc\parserutils.php(459)	E_WARNING: unserialize(): Error at offset 1061 of 1915 bytes
  #0 [internal function]: dokuwiki\ErrorHandler::errorHandler(2, 'unserialize(): ...', 'C:\\Users\\usuari...', 459)
  #1 C:\Users\usuario\www\Wiki\inc\parserutils.php(459): unserialize('a:2:{s:7:"curre...')
  #2 C:\Users\usuario\www\Wiki\inc\parserutils.php(264): p_read_metadata('wiki:welcome', true)
  #3 C:\Users\usuario\www\Wiki\inc\common.php(265): p_get_metadata('wiki:welcome')
  #4 C:\Users\usuario\www\Wiki\doku.php(101): pageinfo()
  #5 {main}
2026-03-28 12:02:27	C:\Users\usuario\www\Wiki\inc\parserutils.php(459)	E_WARNING: unserialize(): Error at offset 1718 of 2372 bytes
  #0 [internal function]: dokuwiki\ErrorHandler::errorHandler(2, 'unserialize(): ...', 'C:\\Users\\usuari...', 459)
  #1 C:\Users\usuario\www\Wiki\inc\parserutils.php(459): unserialize('a:2:{s:7:"curre...')
  #2 C:\Users\usuario\www\Wiki\inc\parserutils.php(264): p_read_metadata('wiki:markdown', true)
  #3 C:\Users\usuario\www\Wiki\inc\common.php(265): p_get_metadata('wiki:markdown')
  #4 C:\Users\usuario\www\Wiki\doku.php(101): pageinfo()
  #5 {main}
2026-03-28 12:02:27	C:\Users\usuario\www\Wiki\lib\plugins\markdowku\syntax\ulists.php(79)	E_WARNING: Undefined array key 2
  #0 C:\Users\usuario\www\Wiki\lib\plugins\markdowku\syntax\ulists.php(79): dokuwiki\ErrorHandler::errorHandler(2, 'Undefined array...', 'C:\\Users\\usuari...', 79)
  #1 C:\Users\usuario\www\Wiki\inc\Parsing\Handler\Lists.php(80): Doku_Handler_Markdown_Unordered_List->interpretSyntax('\n  - ', 'u')
  #2 C:\Users\usuario\www\Wiki\inc\Parsing\Handler\Lists.php(32): dokuwiki\Parsing\Handler\Lists->listOpen(Array)
  #3 C:\Users\usuario\www\Wiki\lib\plugins\markdowku\syntax\ulists.php(55): dokuwiki\Parsing\Handler\Lists->process()
  #4 C:\Users\usuario\www\Wiki\inc\parser\handler.php(298): syntax_plugin_markdowku_ulists->handle('\n', 4, 1009, Object(Doku_Handler))
  #5 C:\Users\usuario\www\Wiki\inc\Parsing\Lexer\Lexer.php(269): Doku_Handler->plugin('\n', 4, 1009, 'markdowku_ulist...')
  #6 C:\Users\usuario\www\Wiki\inc\Parsing\Lexer\Lexer.php(189): dokuwiki\Parsing\Lexer\Lexer->invokeHandler('\n', 4, 1009)
  #7 C:\Users\usuario\www\Wiki\inc\Parsing\Lexer\Lexer.php(146): dokuwiki\Parsing\Lexer\Lexer->dispatchTokens('Nested item B', '\n', '__exit', 996, 1009)
  #8 C:\Users\usuario\www\Wiki\inc\Parsing\Parser.php(113): dokuwiki\Parsing\Lexer\Lexer->parse('\n##### Ordered ...')
  #9 C:\Users\usuario\www\Wiki\inc\parserutils.php(234): dokuwiki\Parsing\Parser->parse('\n# Markdown\n\nSo...')
  #10 C:\Users\usuario\www\Wiki\inc\parserutils.php(198): p_get_instructions('# Markdown\n\nSom...')
  #11 C:\Users\usuario\www\Wiki\inc\parserutils.php(520): p_cached_instructions('C:/Users/usuari...', false, 'wiki:markdown')
  #12 C:\Users\usuario\www\Wiki\inc\parserutils.php(299): p_render_metadata('wiki:markdown', Array)
  #13 C:\Users\usuario\www\Wiki\inc\common.php(265): p_get_metadata('wiki:markdown')
  #14 C:\Users\usuario\www\Wiki\doku.php(101): pageinfo()
  #15 {main}
2026-03-28 12:02:27	C:\Users\usuario\www\Wiki\lib\plugins\markdowku\syntax\olists.php(78)	E_WARNING: Undefined array key 2
  #0 C:\Users\usuario\www\Wiki\lib\plugins\markdowku\syntax\olists.php(78): dokuwiki\ErrorHandler::errorHandler(2, 'Undefined array...', 'C:\\Users\\usuari...', 78)
  #1 C:\Users\usuario\www\Wiki\inc\Parsing\Handler\Lists.php(80): Doku_Handler_Markdown_Ordered_List->interpretSyntax('\n   1. ', 'o')
  #2 C:\Users\usuario\www\Wiki\inc\Parsing\Handler\Lists.php(32): dokuwiki\Parsing\Handler\Lists->listOpen(Array)
  #3 C:\Users\usuario\www\Wiki\lib\plugins\markdowku\syntax\olists.php(54): dokuwiki\Parsing\Handler\Lists->process()
  #4 C:\Users\usuario\www\Wiki\inc\parser\handler.php(298): syntax_plugin_markdowku_olists->handle('\n', 4, 1121, Object(Doku_Handler))
  #5 C:\Users\usuario\www\Wiki\inc\Parsing\Lexer\Lexer.php(269): Doku_Handler->plugin('\n', 4, 1121, 'markdowku_olist...')
  #6 C:\Users\usuario\www\Wiki\inc\Parsing\Lexer\Lexer.php(189): dokuwiki\Parsing\Lexer\Lexer->invokeHandler('\n', 4, 1121)
  #7 C:\Users\usuario\www\Wiki\inc\Parsing\Lexer\Lexer.php(146): dokuwiki\Parsing\Lexer\Lexer->dispatchTokens('Sub item', '\n', '__exit', 1113, 1121)
  #8 C:\Users\usuario\www\Wiki\inc\Parsing\Parser.php(113): dokuwiki\Parsing\Lexer\Lexer->parse('\n---\n\n#### Link...')
  #9 C:\Users\usuario\www\Wiki\inc\parserutils.php(234): dokuwiki\Parsing\Parser->parse('\n# Markdown\n\nSo...')
  #10 C:\Users\usuario\www\Wiki\inc\parserutils.php(198): p_get_instructions('# Markdown\n\nSom...')
  #11 C:\Users\usuario\www\Wiki\inc\parserutils.php(520): p_cached_instructions('C:/Users/usuari...', false, 'wiki:markdown')
  #12 C:\Users\usuario\www\Wiki\inc\parserutils.php(299): p_render_metadata('wiki:markdown', Array)
  #13 C:\Users\usuario\www\Wiki\inc\common.php(265): p_get_metadata('wiki:markdown')
  #14 C:\Users\usuario\www\Wiki\doku.php(101): pageinfo()
  #15 {main}
2026-03-28 12:02:27	C:\Users\usuario\www\Wiki\inc\parser\xhtml.php(233)	E_WARNING: Undefined array key 5
  #0 C:\Users\usuario\www\Wiki\inc\parser\xhtml.php(233): dokuwiki\ErrorHandler::errorHandler(2, 'Undefined array...', 'C:\\Users\\usuari...', 233)
  #1 C:\Users\usuario\www\Wiki\inc\parserutils.php(691): Doku_Renderer_xhtml->header('H6 Header', 6, 518)
  #2 C:\Users\usuario\www\Wiki\inc\parserutils.php(158): p_render('xhtml', Array, NULL)
  #3 C:\Users\usuario\www\Wiki\inc\parserutils.php(97): p_cached_output('C:/Users/usuari...', 'xhtml', 'wiki:markdown')
  #4 C:\Users\usuario\www\Wiki\inc\Ui\PageView.php(67): p_wiki_xhtml('wiki:markdown', 0, true, '')
  #5 C:\Users\usuario\www\Wiki\inc\Action\Show.php(40): dokuwiki\Ui\PageView->show()
  #6 C:\Users\usuario\www\Wiki\inc\template.php(120): dokuwiki\Action\Show->tplContent()
  #7 [internal function]: tpl_content_core('show')
  #8 C:\Users\usuario\www\Wiki\inc\Extension\Event.php(134): call_user_func_array('tpl_content_cor...', Array)
  #9 C:\Users\usuario\www\Wiki\inc\Extension\Event.php(200): dokuwiki\Extension\Event->trigger('tpl_content_cor...', true)
  #10 C:\Users\usuario\www\Wiki\inc\template.php(102): dokuwiki\Extension\Event::createAndTrigger('TPL_ACT_RENDER', 'show', 'tpl_content_cor...')
  #11 C:\Users\usuario\www\Wiki\lib\tpl\dokuwiki\main.php(59): tpl_content()
  #12 C:\Users\usuario\www\Wiki\inc\actions.php(30): include('C:\\Users\\usuari...')
  #13 C:\Users\usuario\www\Wiki\doku.php(131): act_dispatch()
  #14 {main}
