2026-04-06 18:10:10	/var/www/vhosts/wiki.mipc.cc/bin/purge.php(97)	E_WARNING: Undefined variable $conf
  #0 /var/www/vhosts/wiki.mipc.cc/bin/purge.php(97): dokuwiki\ErrorHandler::errorHandler()
  #1 /var/www/vhosts/wiki.mipc.cc/vendor/splitbrain/php-cli/src/Base.php(217): PurgeCLI->main()
  #2 /var/www/vhosts/wiki.mipc.cc/vendor/splitbrain/php-cli/src/Base.php(145): splitbrain\phpcli\Base->execute()
  #3 /var/www/vhosts/wiki.mipc.cc/bin/purge.php(217): splitbrain\phpcli\Base->run()
  #4 {main}
2026-04-06 18:10:10	/var/www/vhosts/wiki.mipc.cc/bin/purge.php(97)	E_WARNING: Trying to access array offset on null
  #0 /var/www/vhosts/wiki.mipc.cc/bin/purge.php(97): dokuwiki\ErrorHandler::errorHandler()
  #1 /var/www/vhosts/wiki.mipc.cc/vendor/splitbrain/php-cli/src/Base.php(217): PurgeCLI->main()
  #2 /var/www/vhosts/wiki.mipc.cc/vendor/splitbrain/php-cli/src/Base.php(145): splitbrain\phpcli\Base->execute()
  #3 /var/www/vhosts/wiki.mipc.cc/bin/purge.php(217): splitbrain\phpcli\Base->run()
  #4 {main}
2026-04-06 20:27:18	/var/www/vhosts/dokuwiki-markdown.dj75.net/inc/parser/xhtml.php(233)	E_WARNING: Undefined array key 5
  #0 /var/www/vhosts/dokuwiki-markdown.dj75.net/inc/parser/xhtml.php(233): dokuwiki\ErrorHandler::errorHandler()
  #1 /var/www/vhosts/dokuwiki-markdown.dj75.net/inc/parserutils.php(697): Doku_Renderer_xhtml->header()
  #2 /var/www/vhosts/dokuwiki-markdown.dj75.net/inc/parserutils.php(158): p_render()
  #3 /var/www/vhosts/dokuwiki-markdown.dj75.net/inc/parserutils.php(97): p_cached_output()
  #4 /var/www/vhosts/dokuwiki-markdown.dj75.net/inc/Ui/PageView.php(67): p_wiki_xhtml()
  #5 /var/www/vhosts/dokuwiki-markdown.dj75.net/inc/Action/Show.php(40): dokuwiki\Ui\PageView->show()
  #6 /var/www/vhosts/dokuwiki-markdown.dj75.net/inc/template.php(120): dokuwiki\Action\Show->tplContent()
  #7 [internal function]: tpl_content_core()
  #8 /var/www/vhosts/dokuwiki-markdown.dj75.net/inc/Extension/Event.php(134): call_user_func_array()
  #9 /var/www/vhosts/dokuwiki-markdown.dj75.net/inc/Extension/Event.php(200): dokuwiki\Extension\Event->trigger()
  #10 /var/www/vhosts/dokuwiki-markdown.dj75.net/inc/template.php(102): dokuwiki\Extension\Event::createAndTrigger()
  #11 /var/www/vhosts/dokuwiki-markdown.dj75.net/lib/tpl/dokuwiki/main.php(59): tpl_content()
  #12 /var/www/vhosts/dokuwiki-markdown.dj75.net/inc/actions.php(30): include('...')
  #13 /var/www/vhosts/dokuwiki-markdown.dj75.net/doku.php(131): act_dispatch()
  #14 {main}
2026-04-06 20:27:51	/var/www/vhosts/dokuwiki-markdown.dj75.net/inc/parser/xhtml.php(233)	E_WARNING: Undefined array key 5
  #0 /var/www/vhosts/dokuwiki-markdown.dj75.net/inc/parser/xhtml.php(233): dokuwiki\ErrorHandler::errorHandler()
  #1 /var/www/vhosts/dokuwiki-markdown.dj75.net/inc/parserutils.php(697): Doku_Renderer_xhtml->header()
  #2 /var/www/vhosts/dokuwiki-markdown.dj75.net/inc/parserutils.php(158): p_render()
  #3 /var/www/vhosts/dokuwiki-markdown.dj75.net/inc/parserutils.php(97): p_cached_output()
  #4 /var/www/vhosts/dokuwiki-markdown.dj75.net/inc/Ui/PageView.php(67): p_wiki_xhtml()
  #5 /var/www/vhosts/dokuwiki-markdown.dj75.net/inc/Action/Show.php(40): dokuwiki\Ui\PageView->show()
  #6 /var/www/vhosts/dokuwiki-markdown.dj75.net/inc/template.php(120): dokuwiki\Action\Show->tplContent()
  #7 [internal function]: tpl_content_core()
  #8 /var/www/vhosts/dokuwiki-markdown.dj75.net/inc/Extension/Event.php(134): call_user_func_array()
  #9 /var/www/vhosts/dokuwiki-markdown.dj75.net/inc/Extension/Event.php(200): dokuwiki\Extension\Event->trigger()
  #10 /var/www/vhosts/dokuwiki-markdown.dj75.net/inc/template.php(102): dokuwiki\Extension\Event::createAndTrigger()
  #11 /var/www/vhosts/dokuwiki-markdown.dj75.net/lib/tpl/dokuwiki/main.php(59): tpl_content()
  #12 /var/www/vhosts/dokuwiki-markdown.dj75.net/inc/actions.php(30): include('...')
  #13 /var/www/vhosts/dokuwiki-markdown.dj75.net/doku.php(131): act_dispatch()
  #14 {main}
