2026-03-27 07:18:08		require_once() is deprecated. It was called from require() in C:\Users\usuario\www\Wiki\lib\plugins\markdowku\syntax\anchorsinline.php:8 Autoloading should be used instead!
2026-03-27 07:18:10		Doku_Handler::_addCall() is deprecated. It was called from syntax_plugin_markdowku_headeratx::handle() in C:\Users\usuario\www\Wiki\lib\plugins\markdowku\syntax\headeratx.php:96 addCall should be used instead!
2026-03-27 07:18:10		Doku_Handler::_addCall() is deprecated. It was called from syntax_plugin_markdowku_headeratx::handle() in C:\Users\usuario\www\Wiki\lib\plugins\markdowku\syntax\headeratx.php:97 addCall should be used instead!
2026-03-27 07:18:10		Doku_Handler::_addCall() is deprecated. It was called from syntax_plugin_markdowku_headeratx::handle() in C:\Users\usuario\www\Wiki\lib\plugins\markdowku\syntax\headeratx.php:90 addCall should be used instead!
2026-03-27 07:18:10		Doku_Handler::_addCall() is deprecated. It was called from syntax_plugin_markdowku_headeratx::handle() in C:\Users\usuario\www\Wiki\lib\plugins\markdowku\syntax\headeratx.php:96 addCall should be used instead!
2026-03-27 07:18:10		Doku_Handler::_addCall() is deprecated. It was called from syntax_plugin_markdowku_headeratx::handle() in C:\Users\usuario\www\Wiki\lib\plugins\markdowku\syntax\headeratx.php:97 addCall should be used instead!
2026-03-27 07:18:10		Doku_Handler::_addCall() is deprecated. It was called from syntax_plugin_markdowku_ulists::handle() in C:\Users\usuario\www\Wiki\lib\plugins\markdowku\syntax\ulists.php:45 addCall should be used instead!
2026-03-27 07:18:10		Doku_Handler::_addCall() is deprecated. It was called from syntax_plugin_markdowku_ulists::handle() in C:\Users\usuario\www\Wiki\lib\plugins\markdowku\syntax\ulists.php:51 addCall should be used instead!
2026-03-27 07:18:10		Doku_Handler::_addCall() is deprecated. It was called from syntax_plugin_markdowku_ulists::handle() in C:\Users\usuario\www\Wiki\lib\plugins\markdowku\syntax\ulists.php:48 addCall should be used instead!
2026-03-27 07:18:10		Doku_Handler::_addCall() is deprecated. It was called from syntax_plugin_markdowku_ulists::handle() in C:\Users\usuario\www\Wiki\lib\plugins\markdowku\syntax\ulists.php:51 addCall should be used instead!
2026-03-27 07:18:10		Doku_Handler::_addCall() is deprecated. It was called from syntax_plugin_markdowku_ulists::handle() in C:\Users\usuario\www\Wiki\lib\plugins\markdowku\syntax\ulists.php:48 addCall should be used instead!
2026-03-27 07:18:10		Doku_Handler::_addCall() is deprecated. It was called from syntax_plugin_markdowku_ulists::handle() in C:\Users\usuario\www\Wiki\lib\plugins\markdowku\syntax\ulists.php:51 addCall should be used instead!
2026-03-27 07:18:10		Doku_Handler::_addCall() is deprecated. It was called from syntax_plugin_markdowku_ulists::handle() in C:\Users\usuario\www\Wiki\lib\plugins\markdowku\syntax\ulists.php:48 addCall should be used instead!
2026-03-27 07:18:10		Doku_Handler::_addCall() is deprecated. It was called from syntax_plugin_markdowku_ulists::handle() in C:\Users\usuario\www\Wiki\lib\plugins\markdowku\syntax\ulists.php:51 addCall should be used instead!
2026-03-27 07:18:10		Doku_Handler::_addCall() is deprecated. It was called from syntax_plugin_markdowku_ulists::handle() in C:\Users\usuario\www\Wiki\lib\plugins\markdowku\syntax\ulists.php:48 addCall should be used instead!
2026-03-27 07:18:10		Doku_Handler::_addCall() is deprecated. It was called from syntax_plugin_markdowku_ulists::handle() in C:\Users\usuario\www\Wiki\lib\plugins\markdowku\syntax\ulists.php:51 addCall should be used instead!
2026-03-27 07:18:10		Doku_Handler::_addCall() is deprecated. It was called from syntax_plugin_markdowku_ulists::handle() in C:\Users\usuario\www\Wiki\lib\plugins\markdowku\syntax\ulists.php:51 addCall should be used instead!
2026-03-27 07:18:10		Doku_Handler::_addCall() is deprecated. It was called from syntax_plugin_markdowku_ulists::handle() in C:\Users\usuario\www\Wiki\lib\plugins\markdowku\syntax\ulists.php:54 addCall should be used instead!
2026-03-27 07:18:10		Doku_Handler::_addCall() is deprecated. It was called from syntax_plugin_markdowku_headeratx::handle() in C:\Users\usuario\www\Wiki\lib\plugins\markdowku\syntax\headeratx.php:90 addCall should be used instead!
2026-03-27 07:18:10		Doku_Handler::_addCall() is deprecated. It was called from syntax_plugin_markdowku_headeratx::handle() in C:\Users\usuario\www\Wiki\lib\plugins\markdowku\syntax\headeratx.php:96 addCall should be used instead!
2026-03-27 07:18:10		Doku_Handler::_addCall() is deprecated. It was called from syntax_plugin_markdowku_headeratx::handle() in C:\Users\usuario\www\Wiki\lib\plugins\markdowku\syntax\headeratx.php:97 addCall should be used instead!
2026-03-27 07:18:10		Doku_Handler::_addCall() is deprecated. It was called from syntax_plugin_markdowku_ulists::handle() in C:\Users\usuario\www\Wiki\lib\plugins\markdowku\syntax\ulists.php:45 addCall should be used instead!
2026-03-27 07:18:10		Doku_Handler::_addCall() is deprecated. It was called from syntax_plugin_markdowku_ulists::handle() in C:\Users\usuario\www\Wiki\lib\plugins\markdowku\syntax\ulists.php:51 addCall should be used instead!
2026-03-27 07:18:10		Doku_Handler::_addCall() is deprecated. It was called from syntax_plugin_markdowku_ulists::handle() in C:\Users\usuario\www\Wiki\lib\plugins\markdowku\syntax\ulists.php:48 addCall should be used instead!
2026-03-27 07:18:10		Doku_Handler::_addCall() is deprecated. It was called from syntax_plugin_markdowku_ulists::handle() in C:\Users\usuario\www\Wiki\lib\plugins\markdowku\syntax\ulists.php:51 addCall should be used instead!
2026-03-27 07:18:10		Doku_Handler::_addCall() is deprecated. It was called from syntax_plugin_markdowku_ulists::handle() in C:\Users\usuario\www\Wiki\lib\plugins\markdowku\syntax\ulists.php:48 addCall should be used instead!
2026-03-27 07:18:10		Doku_Handler::_addCall() is deprecated. It was called from syntax_plugin_markdowku_ulists::handle() in C:\Users\usuario\www\Wiki\lib\plugins\markdowku\syntax\ulists.php:51 addCall should be used instead!
2026-03-27 07:18:10		Doku_Handler::_addCall() is deprecated. It was called from syntax_plugin_markdowku_ulists::handle() in C:\Users\usuario\www\Wiki\lib\plugins\markdowku\syntax\ulists.php:48 addCall should be used instead!
2026-03-27 07:18:10		Doku_Handler::_addCall() is deprecated. It was called from syntax_plugin_markdowku_ulists::handle() in C:\Users\usuario\www\Wiki\lib\plugins\markdowku\syntax\ulists.php:51 addCall should be used instead!
2026-03-27 07:18:10		Doku_Handler::_addCall() is deprecated. It was called from syntax_plugin_markdowku_ulists::handle() in C:\Users\usuario\www\Wiki\lib\plugins\markdowku\syntax\ulists.php:54 addCall should be used instead!
2026-03-27 07:18:10		Doku_Handler::_addCall() is deprecated. It was called from syntax_plugin_markdowku_headeratx::handle() in C:\Users\usuario\www\Wiki\lib\plugins\markdowku\syntax\headeratx.php:90 addCall should be used instead!
2026-03-27 07:18:10		Doku_Handler::_addCall() is deprecated. It was called from syntax_plugin_markdowku_headeratx::handle() in C:\Users\usuario\www\Wiki\lib\plugins\markdowku\syntax\headeratx.php:96 addCall should be used instead!
2026-03-27 07:18:10		Doku_Handler::_addCall() is deprecated. It was called from syntax_plugin_markdowku_headeratx::handle() in C:\Users\usuario\www\Wiki\lib\plugins\markdowku\syntax\headeratx.php:97 addCall should be used instead!
2026-03-27 07:18:10		Doku_Handler::_addCall() is deprecated. It was called from syntax_plugin_markdowku_ulists::handle() in C:\Users\usuario\www\Wiki\lib\plugins\markdowku\syntax\ulists.php:45 addCall should be used instead!
2026-03-27 07:18:10		Doku_Handler::_addCall() is deprecated. It was called from syntax_plugin_markdowku_ulists::handle() in C:\Users\usuario\www\Wiki\lib\plugins\markdowku\syntax\ulists.php:51 addCall should be used instead!
2026-03-27 07:18:10		Doku_Handler::_addCall() is deprecated. It was called from syntax_plugin_markdowku_ulists::handle() in C:\Users\usuario\www\Wiki\lib\plugins\markdowku\syntax\ulists.php:48 addCall should be used instead!
2026-03-27 07:18:10		Doku_Handler::_addCall() is deprecated. It was called from syntax_plugin_markdowku_ulists::handle() in C:\Users\usuario\www\Wiki\lib\plugins\markdowku\syntax\ulists.php:51 addCall should be used instead!
2026-03-27 07:18:10		Doku_Handler::_addCall() is deprecated. It was called from syntax_plugin_markdowku_ulists::handle() in C:\Users\usuario\www\Wiki\lib\plugins\markdowku\syntax\ulists.php:54 addCall should be used instead!
2026-03-27 07:18:10		Doku_Handler::_addCall() is deprecated. It was called from syntax_plugin_markdowku_headeratx::handle() in C:\Users\usuario\www\Wiki\lib\plugins\markdowku\syntax\headeratx.php:90 addCall should be used instead!
2026-03-27 07:18:10		Doku_Handler::_addCall() is deprecated. It was called from syntax_plugin_markdowku_headeratx::handle() in C:\Users\usuario\www\Wiki\lib\plugins\markdowku\syntax\headeratx.php:96 addCall should be used instead!
2026-03-27 07:18:10		Doku_Handler::_addCall() is deprecated. It was called from syntax_plugin_markdowku_headeratx::handle() in C:\Users\usuario\www\Wiki\lib\plugins\markdowku\syntax\headeratx.php:97 addCall should be used instead!
2026-03-27 07:18:10		Doku_Handler::_addCall() is deprecated. It was called from syntax_plugin_markdowku_ulists::handle() in C:\Users\usuario\www\Wiki\lib\plugins\markdowku\syntax\ulists.php:45 addCall should be used instead!
2026-03-27 07:18:10		Doku_Handler::_addCall() is deprecated. It was called from syntax_plugin_markdowku_ulists::handle() in C:\Users\usuario\www\Wiki\lib\plugins\markdowku\syntax\ulists.php:51 addCall should be used instead!
2026-03-27 07:18:10		Doku_Handler::_addCall() is deprecated. It was called from syntax_plugin_markdowku_ulists::handle() in C:\Users\usuario\www\Wiki\lib\plugins\markdowku\syntax\ulists.php:51 addCall should be used instead!
2026-03-27 07:18:10		Doku_Handler::_addCall() is deprecated. It was called from syntax_plugin_markdowku_ulists::handle() in C:\Users\usuario\www\Wiki\lib\plugins\markdowku\syntax\ulists.php:48 addCall should be used instead!
2026-03-27 07:18:10		Doku_Handler::_addCall() is deprecated. It was called from syntax_plugin_markdowku_ulists::handle() in C:\Users\usuario\www\Wiki\lib\plugins\markdowku\syntax\ulists.php:51 addCall should be used instead!
2026-03-27 07:18:10		Doku_Handler::_addCall() is deprecated. It was called from syntax_plugin_markdowku_ulists::handle() in C:\Users\usuario\www\Wiki\lib\plugins\markdowku\syntax\ulists.php:51 addCall should be used instead!
2026-03-27 07:18:10		Doku_Handler::_addCall() is deprecated. It was called from syntax_plugin_markdowku_ulists::handle() in C:\Users\usuario\www\Wiki\lib\plugins\markdowku\syntax\ulists.php:48 addCall should be used instead!
2026-03-27 07:18:10		Doku_Handler::_addCall() is deprecated. It was called from syntax_plugin_markdowku_ulists::handle() in C:\Users\usuario\www\Wiki\lib\plugins\markdowku\syntax\ulists.php:51 addCall should be used instead!
2026-03-27 07:18:10		Doku_Handler::_addCall() is deprecated. It was called from syntax_plugin_markdowku_ulists::handle() in C:\Users\usuario\www\Wiki\lib\plugins\markdowku\syntax\ulists.php:51 addCall should be used instead!
2026-03-27 07:18:10		Doku_Handler::_addCall() is deprecated. It was called from syntax_plugin_markdowku_ulists::handle() in C:\Users\usuario\www\Wiki\lib\plugins\markdowku\syntax\ulists.php:48 addCall should be used instead!
2026-03-27 07:18:10		Doku_Handler::_addCall() is deprecated. It was called from syntax_plugin_markdowku_ulists::handle() in C:\Users\usuario\www\Wiki\lib\plugins\markdowku\syntax\ulists.php:51 addCall should be used instead!
2026-03-27 07:18:10		Doku_Handler::_addCall() is deprecated. It was called from syntax_plugin_markdowku_ulists::handle() in C:\Users\usuario\www\Wiki\lib\plugins\markdowku\syntax\ulists.php:51 addCall should be used instead!
2026-03-27 07:18:10		Doku_Handler::_addCall() is deprecated. It was called from syntax_plugin_markdowku_ulists::handle() in C:\Users\usuario\www\Wiki\lib\plugins\markdowku\syntax\ulists.php:54 addCall should be used instead!
2026-03-27 07:18:10		Doku_Handler::_addCall() is deprecated. It was called from syntax_plugin_markdowku_hr::handle() in C:\Users\usuario\www\Wiki\lib\plugins\markdowku\syntax\hr.php:39 addCall should be used instead!
2026-03-27 07:18:10		Doku_Handler::_addCall() is deprecated. It was called from syntax_plugin_markdowku_ulists::handle() in C:\Users\usuario\www\Wiki\lib\plugins\markdowku\syntax\ulists.php:45 addCall should be used instead!
2026-03-27 07:18:10		Doku_Handler::_addCall() is deprecated. It was called from syntax_plugin_markdowku_ulists::handle() in C:\Users\usuario\www\Wiki\lib\plugins\markdowku\syntax\ulists.php:54 addCall should be used instead!
2026-03-27 07:18:10		Doku_Handler::_addCall() is deprecated. It was called from syntax_plugin_markdowku_hr::handle() in C:\Users\usuario\www\Wiki\lib\plugins\markdowku\syntax\hr.php:39 addCall should be used instead!
2026-03-27 07:18:42		require_once() is deprecated. It was called from require() in C:\Users\usuario\www\Wiki\lib\plugins\markdowku\syntax\headeratx.php:8 Autoloading should be used instead!
2026-03-27 07:18:52		require_once() is deprecated. It was called from require() in C:\Users\usuario\www\Wiki\lib\plugins\markdowku\syntax\anchorsinline.php:8 Autoloading should be used instead!
2026-03-27 07:19:52		require_once() is deprecated. It was called from require() in C:\Users\usuario\www\Wiki\lib\plugins\markdowku\syntax\anchorsinline.php:8 Autoloading should be used instead!
2026-03-27 07:20:00		require_once() is deprecated. It was called from require() in C:\Users\usuario\www\Wiki\lib\plugins\markdowku\syntax\anchorsinline.php:8 Autoloading should be used instead!
