2026-05-20 12:41:19		require_once() is deprecated. It was called from require() in /var/www/vhosts/wiki.mipc.cc/lib/plugins/markdowku/syntax/anchorsinline.php:8 Autoloading should be used instead!
2026-05-20 12:41:19		Doku_Handler::_addCall() is deprecated. It was called from syntax_plugin_markdowku_headeratx::handle() in /var/www/vhosts/wiki.mipc.cc/lib/plugins/markdowku/syntax/headeratx.php:96 addCall should be used instead!
2026-05-20 12:41:19		Doku_Handler::_addCall() is deprecated. It was called from syntax_plugin_markdowku_headeratx::handle() in /var/www/vhosts/wiki.mipc.cc/lib/plugins/markdowku/syntax/headeratx.php:97 addCall should be used instead!
2026-05-20 12:41:19		Doku_Handler::_addCall() is deprecated. It was called from syntax_plugin_markdowku_ulists::handle() in /var/www/vhosts/wiki.mipc.cc/lib/plugins/markdowku/syntax/ulists.php:45 addCall should be used instead!
2026-05-20 12:41:19		Doku_Handler::_addCall() is deprecated. It was called from syntax_plugin_markdowku_ulists::handle() in /var/www/vhosts/wiki.mipc.cc/lib/plugins/markdowku/syntax/ulists.php:51 addCall should be used instead!
2026-05-20 12:41:19		Doku_Handler::_addCall() is deprecated. It was called from syntax_plugin_markdowku_ulists::handle() in /var/www/vhosts/wiki.mipc.cc/lib/plugins/markdowku/syntax/ulists.php:51 addCall should be used instead!
2026-05-20 12:41:19		Doku_Handler::_addCall() is deprecated. It was called from syntax_plugin_markdowku_ulists::handle() in /var/www/vhosts/wiki.mipc.cc/lib/plugins/markdowku/syntax/ulists.php:51 addCall should be used instead!
2026-05-20 12:41:19		Doku_Handler::_addCall() is deprecated. It was called from syntax_plugin_markdowku_ulists::handle() in /var/www/vhosts/wiki.mipc.cc/lib/plugins/markdowku/syntax/ulists.php:54 addCall should be used instead!
2026-05-20 12:41:19		Doku_Handler::_addCall() is deprecated. It was called from syntax_plugin_markdowku_headeratx::handle() in /var/www/vhosts/wiki.mipc.cc/lib/plugins/markdowku/syntax/headeratx.php:90 addCall should be used instead!
2026-05-20 12:41:19		Doku_Handler::_addCall() is deprecated. It was called from syntax_plugin_markdowku_headeratx::handle() in /var/www/vhosts/wiki.mipc.cc/lib/plugins/markdowku/syntax/headeratx.php:96 addCall should be used instead!
2026-05-20 12:41:19		Doku_Handler::_addCall() is deprecated. It was called from syntax_plugin_markdowku_headeratx::handle() in /var/www/vhosts/wiki.mipc.cc/lib/plugins/markdowku/syntax/headeratx.php:97 addCall should be used instead!
2026-05-20 12:41:19		Doku_Handler::_addCall() is deprecated. It was called from syntax_plugin_markdowku_ulists::handle() in /var/www/vhosts/wiki.mipc.cc/lib/plugins/markdowku/syntax/ulists.php:45 addCall should be used instead!
2026-05-20 12:41:19		Doku_Handler::_addCall() is deprecated. It was called from syntax_plugin_markdowku_ulists::handle() in /var/www/vhosts/wiki.mipc.cc/lib/plugins/markdowku/syntax/ulists.php:51 addCall should be used instead!
2026-05-20 12:41:19		Doku_Handler::_addCall() is deprecated. It was called from syntax_plugin_markdowku_ulists::handle() in /var/www/vhosts/wiki.mipc.cc/lib/plugins/markdowku/syntax/ulists.php:48 addCall should be used instead!
2026-05-20 12:41:19		Doku_Handler::_addCall() is deprecated. It was called from syntax_plugin_markdowku_ulists::handle() in /var/www/vhosts/wiki.mipc.cc/lib/plugins/markdowku/syntax/ulists.php:51 addCall should be used instead!
2026-05-20 12:41:19		Doku_Handler::_addCall() is deprecated. It was called from syntax_plugin_markdowku_ulists::handle() in /var/www/vhosts/wiki.mipc.cc/lib/plugins/markdowku/syntax/ulists.php:48 addCall should be used instead!
2026-05-20 12:41:19		Doku_Handler::_addCall() is deprecated. It was called from syntax_plugin_markdowku_ulists::handle() in /var/www/vhosts/wiki.mipc.cc/lib/plugins/markdowku/syntax/ulists.php:51 addCall should be used instead!
2026-05-20 12:41:19		Doku_Handler::_addCall() is deprecated. It was called from syntax_plugin_markdowku_ulists::handle() in /var/www/vhosts/wiki.mipc.cc/lib/plugins/markdowku/syntax/ulists.php:48 addCall should be used instead!
2026-05-20 12:41:19		Doku_Handler::_addCall() is deprecated. It was called from syntax_plugin_markdowku_ulists::handle() in /var/www/vhosts/wiki.mipc.cc/lib/plugins/markdowku/syntax/ulists.php:51 addCall should be used instead!
2026-05-20 12:41:19		Doku_Handler::_addCall() is deprecated. It was called from syntax_plugin_markdowku_ulists::handle() in /var/www/vhosts/wiki.mipc.cc/lib/plugins/markdowku/syntax/ulists.php:48 addCall should be used instead!
2026-05-20 12:41:19		Doku_Handler::_addCall() is deprecated. It was called from syntax_plugin_markdowku_ulists::handle() in /var/www/vhosts/wiki.mipc.cc/lib/plugins/markdowku/syntax/ulists.php:51 addCall should be used instead!
2026-05-20 12:41:19		Doku_Handler::_addCall() is deprecated. It was called from syntax_plugin_markdowku_ulists::handle() in /var/www/vhosts/wiki.mipc.cc/lib/plugins/markdowku/syntax/ulists.php:51 addCall should be used instead!
2026-05-20 12:41:19		Doku_Handler::_addCall() is deprecated. It was called from syntax_plugin_markdowku_ulists::handle() in /var/www/vhosts/wiki.mipc.cc/lib/plugins/markdowku/syntax/ulists.php:54 addCall should be used instead!
2026-05-20 12:41:19		Doku_Handler::_addCall() is deprecated. It was called from syntax_plugin_markdowku_headeratx::handle() in /var/www/vhosts/wiki.mipc.cc/lib/plugins/markdowku/syntax/headeratx.php:90 addCall should be used instead!
2026-05-20 12:41:19		Doku_Handler::_addCall() is deprecated. It was called from syntax_plugin_markdowku_headeratx::handle() in /var/www/vhosts/wiki.mipc.cc/lib/plugins/markdowku/syntax/headeratx.php:96 addCall should be used instead!
2026-05-20 12:41:19		Doku_Handler::_addCall() is deprecated. It was called from syntax_plugin_markdowku_headeratx::handle() in /var/www/vhosts/wiki.mipc.cc/lib/plugins/markdowku/syntax/headeratx.php:97 addCall should be used instead!
2026-05-20 12:41:19		Doku_Handler::_addCall() is deprecated. It was called from syntax_plugin_markdowku_ulists::handle() in /var/www/vhosts/wiki.mipc.cc/lib/plugins/markdowku/syntax/ulists.php:45 addCall should be used instead!
2026-05-20 12:41:19		Doku_Handler::_addCall() is deprecated. It was called from syntax_plugin_markdowku_ulists::handle() in /var/www/vhosts/wiki.mipc.cc/lib/plugins/markdowku/syntax/ulists.php:51 addCall should be used instead!
2026-05-20 12:41:19		Doku_Handler::_addCall() is deprecated. It was called from syntax_plugin_markdowku_ulists::handle() in /var/www/vhosts/wiki.mipc.cc/lib/plugins/markdowku/syntax/ulists.php:51 addCall should be used instead!
2026-05-20 12:41:19		Doku_Handler::_addCall() is deprecated. It was called from syntax_plugin_markdowku_ulists::handle() in /var/www/vhosts/wiki.mipc.cc/lib/plugins/markdowku/syntax/ulists.php:51 addCall should be used instead!
2026-05-20 12:41:19		Doku_Handler::_addCall() is deprecated. It was called from syntax_plugin_markdowku_ulists::handle() in /var/www/vhosts/wiki.mipc.cc/lib/plugins/markdowku/syntax/ulists.php:48 addCall should be used instead!
2026-05-20 12:41:19		Doku_Handler::_addCall() is deprecated. It was called from syntax_plugin_markdowku_ulists::handle() in /var/www/vhosts/wiki.mipc.cc/lib/plugins/markdowku/syntax/ulists.php:51 addCall should be used instead!
2026-05-20 12:41:19		Doku_Handler::_addCall() is deprecated. It was called from syntax_plugin_markdowku_ulists::handle() in /var/www/vhosts/wiki.mipc.cc/lib/plugins/markdowku/syntax/ulists.php:51 addCall should be used instead!
2026-05-20 12:41:19		Doku_Handler::_addCall() is deprecated. It was called from syntax_plugin_markdowku_ulists::handle() in /var/www/vhosts/wiki.mipc.cc/lib/plugins/markdowku/syntax/ulists.php:51 addCall should be used instead!
2026-05-20 12:41:19		Doku_Handler::_addCall() is deprecated. It was called from syntax_plugin_markdowku_ulists::handle() in /var/www/vhosts/wiki.mipc.cc/lib/plugins/markdowku/syntax/ulists.php:48 addCall should be used instead!
2026-05-20 12:41:19		Doku_Handler::_addCall() is deprecated. It was called from syntax_plugin_markdowku_ulists::handle() in /var/www/vhosts/wiki.mipc.cc/lib/plugins/markdowku/syntax/ulists.php:51 addCall should be used instead!
2026-05-20 12:41:19		Doku_Handler::_addCall() is deprecated. It was called from syntax_plugin_markdowku_ulists::handle() in /var/www/vhosts/wiki.mipc.cc/lib/plugins/markdowku/syntax/ulists.php:51 addCall should be used instead!
2026-05-20 12:41:19		Doku_Handler::_addCall() is deprecated. It was called from syntax_plugin_markdowku_ulists::handle() in /var/www/vhosts/wiki.mipc.cc/lib/plugins/markdowku/syntax/ulists.php:51 addCall should be used instead!
2026-05-20 12:41:19		Doku_Handler::_addCall() is deprecated. It was called from syntax_plugin_markdowku_ulists::handle() in /var/www/vhosts/wiki.mipc.cc/lib/plugins/markdowku/syntax/ulists.php:48 addCall should be used instead!
2026-05-20 12:41:19		Doku_Handler::_addCall() is deprecated. It was called from syntax_plugin_markdowku_ulists::handle() in /var/www/vhosts/wiki.mipc.cc/lib/plugins/markdowku/syntax/ulists.php:51 addCall should be used instead!
2026-05-20 12:41:19		Doku_Handler::_addCall() is deprecated. It was called from syntax_plugin_markdowku_ulists::handle() in /var/www/vhosts/wiki.mipc.cc/lib/plugins/markdowku/syntax/ulists.php:51 addCall should be used instead!
2026-05-20 12:41:19		Doku_Handler::_addCall() is deprecated. It was called from syntax_plugin_markdowku_ulists::handle() in /var/www/vhosts/wiki.mipc.cc/lib/plugins/markdowku/syntax/ulists.php:51 addCall should be used instead!
2026-05-20 12:41:19		Doku_Handler::_addCall() is deprecated. It was called from syntax_plugin_markdowku_ulists::handle() in /var/www/vhosts/wiki.mipc.cc/lib/plugins/markdowku/syntax/ulists.php:51 addCall should be used instead!
2026-05-20 12:41:19		Doku_Handler::_addCall() is deprecated. It was called from syntax_plugin_markdowku_ulists::handle() in /var/www/vhosts/wiki.mipc.cc/lib/plugins/markdowku/syntax/ulists.php:48 addCall should be used instead!
2026-05-20 12:41:19		Doku_Handler::_addCall() is deprecated. It was called from syntax_plugin_markdowku_ulists::handle() in /var/www/vhosts/wiki.mipc.cc/lib/plugins/markdowku/syntax/ulists.php:51 addCall should be used instead!
2026-05-20 12:41:19		Doku_Handler::_addCall() is deprecated. It was called from syntax_plugin_markdowku_ulists::handle() in /var/www/vhosts/wiki.mipc.cc/lib/plugins/markdowku/syntax/ulists.php:51 addCall should be used instead!
2026-05-20 12:41:19		Doku_Handler::_addCall() is deprecated. It was called from syntax_plugin_markdowku_ulists::handle() in /var/www/vhosts/wiki.mipc.cc/lib/plugins/markdowku/syntax/ulists.php:51 addCall should be used instead!
2026-05-20 12:41:19		Doku_Handler::_addCall() is deprecated. It was called from syntax_plugin_markdowku_ulists::handle() in /var/www/vhosts/wiki.mipc.cc/lib/plugins/markdowku/syntax/ulists.php:48 addCall should be used instead!
2026-05-20 12:41:19		Doku_Handler::_addCall() is deprecated. It was called from syntax_plugin_markdowku_ulists::handle() in /var/www/vhosts/wiki.mipc.cc/lib/plugins/markdowku/syntax/ulists.php:51 addCall should be used instead!
2026-05-20 12:41:19		Doku_Handler::_addCall() is deprecated. It was called from syntax_plugin_markdowku_ulists::handle() in /var/www/vhosts/wiki.mipc.cc/lib/plugins/markdowku/syntax/ulists.php:51 addCall should be used instead!
2026-05-20 12:41:19		Doku_Handler::_addCall() is deprecated. It was called from syntax_plugin_markdowku_ulists::handle() in /var/www/vhosts/wiki.mipc.cc/lib/plugins/markdowku/syntax/ulists.php:51 addCall should be used instead!
2026-05-20 12:41:19		Doku_Handler::_addCall() is deprecated. It was called from syntax_plugin_markdowku_ulists::handle() in /var/www/vhosts/wiki.mipc.cc/lib/plugins/markdowku/syntax/ulists.php:48 addCall should be used instead!
2026-05-20 12:41:19		Doku_Handler::_addCall() is deprecated. It was called from syntax_plugin_markdowku_ulists::handle() in /var/www/vhosts/wiki.mipc.cc/lib/plugins/markdowku/syntax/ulists.php:51 addCall should be used instead!
2026-05-20 12:41:19		Doku_Handler::_addCall() is deprecated. It was called from syntax_plugin_markdowku_ulists::handle() in /var/www/vhosts/wiki.mipc.cc/lib/plugins/markdowku/syntax/ulists.php:51 addCall should be used instead!
2026-05-20 12:41:19		Doku_Handler::_addCall() is deprecated. It was called from syntax_plugin_markdowku_ulists::handle() in /var/www/vhosts/wiki.mipc.cc/lib/plugins/markdowku/syntax/ulists.php:51 addCall should be used instead!
2026-05-20 12:41:19		Doku_Handler::_addCall() is deprecated. It was called from syntax_plugin_markdowku_ulists::handle() in /var/www/vhosts/wiki.mipc.cc/lib/plugins/markdowku/syntax/ulists.php:48 addCall should be used instead!
2026-05-20 12:41:19		Doku_Handler::_addCall() is deprecated. It was called from syntax_plugin_markdowku_ulists::handle() in /var/www/vhosts/wiki.mipc.cc/lib/plugins/markdowku/syntax/ulists.php:51 addCall should be used instead!
2026-05-20 12:41:19		Doku_Handler::_addCall() is deprecated. It was called from syntax_plugin_markdowku_ulists::handle() in /var/www/vhosts/wiki.mipc.cc/lib/plugins/markdowku/syntax/ulists.php:51 addCall should be used instead!
2026-05-20 12:41:19		Doku_Handler::_addCall() is deprecated. It was called from syntax_plugin_markdowku_ulists::handle() in /var/www/vhosts/wiki.mipc.cc/lib/plugins/markdowku/syntax/ulists.php:51 addCall should be used instead!
2026-05-20 12:41:19		Doku_Handler::_addCall() is deprecated. It was called from syntax_plugin_markdowku_ulists::handle() in /var/www/vhosts/wiki.mipc.cc/lib/plugins/markdowku/syntax/ulists.php:48 addCall should be used instead!
2026-05-20 12:41:19		Doku_Handler::_addCall() is deprecated. It was called from syntax_plugin_markdowku_ulists::handle() in /var/www/vhosts/wiki.mipc.cc/lib/plugins/markdowku/syntax/ulists.php:51 addCall should be used instead!
2026-05-20 12:41:19		Doku_Handler::_addCall() is deprecated. It was called from syntax_plugin_markdowku_ulists::handle() in /var/www/vhosts/wiki.mipc.cc/lib/plugins/markdowku/syntax/ulists.php:51 addCall should be used instead!
2026-05-20 12:41:19		Doku_Handler::_addCall() is deprecated. It was called from syntax_plugin_markdowku_ulists::handle() in /var/www/vhosts/wiki.mipc.cc/lib/plugins/markdowku/syntax/ulists.php:51 addCall should be used instead!
2026-05-20 12:41:19		Doku_Handler::_addCall() is deprecated. It was called from syntax_plugin_markdowku_ulists::handle() in /var/www/vhosts/wiki.mipc.cc/lib/plugins/markdowku/syntax/ulists.php:48 addCall should be used instead!
2026-05-20 12:41:19		Doku_Handler::_addCall() is deprecated. It was called from syntax_plugin_markdowku_ulists::handle() in /var/www/vhosts/wiki.mipc.cc/lib/plugins/markdowku/syntax/ulists.php:51 addCall should be used instead!
2026-05-20 12:41:19		Doku_Handler::_addCall() is deprecated. It was called from syntax_plugin_markdowku_ulists::handle() in /var/www/vhosts/wiki.mipc.cc/lib/plugins/markdowku/syntax/ulists.php:51 addCall should be used instead!
2026-05-20 12:41:19		Doku_Handler::_addCall() is deprecated. It was called from syntax_plugin_markdowku_ulists::handle() in /var/www/vhosts/wiki.mipc.cc/lib/plugins/markdowku/syntax/ulists.php:51 addCall should be used instead!
2026-05-20 12:41:19		Doku_Handler::_addCall() is deprecated. It was called from syntax_plugin_markdowku_ulists::handle() in /var/www/vhosts/wiki.mipc.cc/lib/plugins/markdowku/syntax/ulists.php:48 addCall should be used instead!
2026-05-20 12:41:19		Doku_Handler::_addCall() is deprecated. It was called from syntax_plugin_markdowku_ulists::handle() in /var/www/vhosts/wiki.mipc.cc/lib/plugins/markdowku/syntax/ulists.php:51 addCall should be used instead!
2026-05-20 12:41:19		Doku_Handler::_addCall() is deprecated. It was called from syntax_plugin_markdowku_ulists::handle() in /var/www/vhosts/wiki.mipc.cc/lib/plugins/markdowku/syntax/ulists.php:51 addCall should be used instead!
2026-05-20 12:41:19		Doku_Handler::_addCall() is deprecated. It was called from syntax_plugin_markdowku_ulists::handle() in /var/www/vhosts/wiki.mipc.cc/lib/plugins/markdowku/syntax/ulists.php:51 addCall should be used instead!
2026-05-20 12:41:19		Doku_Handler::_addCall() is deprecated. It was called from syntax_plugin_markdowku_ulists::handle() in /var/www/vhosts/wiki.mipc.cc/lib/plugins/markdowku/syntax/ulists.php:48 addCall should be used instead!
2026-05-20 12:41:19		Doku_Handler::_addCall() is deprecated. It was called from syntax_plugin_markdowku_ulists::handle() in /var/www/vhosts/wiki.mipc.cc/lib/plugins/markdowku/syntax/ulists.php:51 addCall should be used instead!
2026-05-20 12:41:19		Doku_Handler::_addCall() is deprecated. It was called from syntax_plugin_markdowku_ulists::handle() in /var/www/vhosts/wiki.mipc.cc/lib/plugins/markdowku/syntax/ulists.php:51 addCall should be used instead!
2026-05-20 12:41:19		Doku_Handler::_addCall() is deprecated. It was called from syntax_plugin_markdowku_ulists::handle() in /var/www/vhosts/wiki.mipc.cc/lib/plugins/markdowku/syntax/ulists.php:51 addCall should be used instead!
2026-05-20 12:41:19		Doku_Handler::_addCall() is deprecated. It was called from syntax_plugin_markdowku_ulists::handle() in /var/www/vhosts/wiki.mipc.cc/lib/plugins/markdowku/syntax/ulists.php:48 addCall should be used instead!
2026-05-20 12:41:19		Doku_Handler::_addCall() is deprecated. It was called from syntax_plugin_markdowku_ulists::handle() in /var/www/vhosts/wiki.mipc.cc/lib/plugins/markdowku/syntax/ulists.php:51 addCall should be used instead!
2026-05-20 12:41:19		Doku_Handler::_addCall() is deprecated. It was called from syntax_plugin_markdowku_ulists::handle() in /var/www/vhosts/wiki.mipc.cc/lib/plugins/markdowku/syntax/ulists.php:51 addCall should be used instead!
2026-05-20 12:41:19		Doku_Handler::_addCall() is deprecated. It was called from syntax_plugin_markdowku_ulists::handle() in /var/www/vhosts/wiki.mipc.cc/lib/plugins/markdowku/syntax/ulists.php:51 addCall should be used instead!
2026-05-20 12:41:19		Doku_Handler::_addCall() is deprecated. It was called from syntax_plugin_markdowku_ulists::handle() in /var/www/vhosts/wiki.mipc.cc/lib/plugins/markdowku/syntax/ulists.php:54 addCall should be used instead!
2026-05-20 12:41:19		Doku_Handler::_addCall() is deprecated. It was called from syntax_plugin_markdowku_ulists::handle() in /var/www/vhosts/wiki.mipc.cc/lib/plugins/markdowku/syntax/ulists.php:45 addCall should be used instead!
2026-05-20 12:41:19		Doku_Handler::_addCall() is deprecated. It was called from syntax_plugin_markdowku_ulists::handle() in /var/www/vhosts/wiki.mipc.cc/lib/plugins/markdowku/syntax/ulists.php:51 addCall should be used instead!
2026-05-20 12:41:19		Doku_Handler::_addCall() is deprecated. It was called from syntax_plugin_markdowku_ulists::handle() in /var/www/vhosts/wiki.mipc.cc/lib/plugins/markdowku/syntax/ulists.php:51 addCall should be used instead!
2026-05-20 12:41:19		Doku_Handler::_addCall() is deprecated. It was called from syntax_plugin_markdowku_ulists::handle() in /var/www/vhosts/wiki.mipc.cc/lib/plugins/markdowku/syntax/ulists.php:51 addCall should be used instead!
2026-05-20 12:41:19		Doku_Handler::_addCall() is deprecated. It was called from syntax_plugin_markdowku_ulists::handle() in /var/www/vhosts/wiki.mipc.cc/lib/plugins/markdowku/syntax/ulists.php:48 addCall should be used instead!
2026-05-20 12:41:19		Doku_Handler::_addCall() is deprecated. It was called from syntax_plugin_markdowku_ulists::handle() in /var/www/vhosts/wiki.mipc.cc/lib/plugins/markdowku/syntax/ulists.php:51 addCall should be used instead!
2026-05-20 12:41:19		Doku_Handler::_addCall() is deprecated. It was called from syntax_plugin_markdowku_ulists::handle() in /var/www/vhosts/wiki.mipc.cc/lib/plugins/markdowku/syntax/ulists.php:51 addCall should be used instead!
2026-05-20 12:41:19		Doku_Handler::_addCall() is deprecated. It was called from syntax_plugin_markdowku_ulists::handle() in /var/www/vhosts/wiki.mipc.cc/lib/plugins/markdowku/syntax/ulists.php:51 addCall should be used instead!
2026-05-20 12:41:19		Doku_Handler::_addCall() is deprecated. It was called from syntax_plugin_markdowku_ulists::handle() in /var/www/vhosts/wiki.mipc.cc/lib/plugins/markdowku/syntax/ulists.php:54 addCall should be used instead!
2026-05-20 12:41:19		Doku_Handler::_addCall() is deprecated. It was called from syntax_plugin_markdowku_headeratx::handle() in /var/www/vhosts/wiki.mipc.cc/lib/plugins/markdowku/syntax/headeratx.php:90 addCall should be used instead!
2026-05-20 12:41:19		Doku_Handler::_addCall() is deprecated. It was called from syntax_plugin_markdowku_headeratx::handle() in /var/www/vhosts/wiki.mipc.cc/lib/plugins/markdowku/syntax/headeratx.php:96 addCall should be used instead!
2026-05-20 12:41:19		Doku_Handler::_addCall() is deprecated. It was called from syntax_plugin_markdowku_headeratx::handle() in /var/www/vhosts/wiki.mipc.cc/lib/plugins/markdowku/syntax/headeratx.php:97 addCall should be used instead!
2026-05-20 12:41:19		Doku_Handler::_addCall() is deprecated. It was called from syntax_plugin_markdowku_ulists::handle() in /var/www/vhosts/wiki.mipc.cc/lib/plugins/markdowku/syntax/ulists.php:45 addCall should be used instead!
2026-05-20 12:41:19		Doku_Handler::_addCall() is deprecated. It was called from syntax_plugin_markdowku_ulists::handle() in /var/www/vhosts/wiki.mipc.cc/lib/plugins/markdowku/syntax/ulists.php:51 addCall should be used instead!
2026-05-20 12:41:19		Doku_Handler::_addCall() is deprecated. It was called from syntax_plugin_markdowku_ulists::handle() in /var/www/vhosts/wiki.mipc.cc/lib/plugins/markdowku/syntax/ulists.php:48 addCall should be used instead!
2026-05-20 12:41:19		Doku_Handler::_addCall() is deprecated. It was called from syntax_plugin_markdowku_ulists::handle() in /var/www/vhosts/wiki.mipc.cc/lib/plugins/markdowku/syntax/ulists.php:51 addCall should be used instead!
2026-05-20 12:41:19		Doku_Handler::_addCall() is deprecated. It was called from syntax_plugin_markdowku_ulists::handle() in /var/www/vhosts/wiki.mipc.cc/lib/plugins/markdowku/syntax/ulists.php:48 addCall should be used instead!
2026-05-20 12:41:19		Doku_Handler::_addCall() is deprecated. It was called from syntax_plugin_markdowku_ulists::handle() in /var/www/vhosts/wiki.mipc.cc/lib/plugins/markdowku/syntax/ulists.php:51 addCall should be used instead!
2026-05-20 12:41:19		Doku_Handler::_addCall() is deprecated. It was called from syntax_plugin_markdowku_ulists::handle() in /var/www/vhosts/wiki.mipc.cc/lib/plugins/markdowku/syntax/ulists.php:48 addCall should be used instead!
2026-05-20 12:41:19		Doku_Handler::_addCall() is deprecated. It was called from syntax_plugin_markdowku_ulists::handle() in /var/www/vhosts/wiki.mipc.cc/lib/plugins/markdowku/syntax/ulists.php:51 addCall should be used instead!
2026-05-20 12:41:19		Doku_Handler::_addCall() is deprecated. It was called from syntax_plugin_markdowku_ulists::handle() in /var/www/vhosts/wiki.mipc.cc/lib/plugins/markdowku/syntax/ulists.php:54 addCall should be used instead!
2026-05-20 12:41:19		Doku_Handler::_addCall() is deprecated. It was called from syntax_plugin_markdowku_headeratx::handle() in /var/www/vhosts/wiki.mipc.cc/lib/plugins/markdowku/syntax/headeratx.php:90 addCall should be used instead!
2026-05-20 12:41:19		Doku_Handler::_addCall() is deprecated. It was called from syntax_plugin_markdowku_headeratx::handle() in /var/www/vhosts/wiki.mipc.cc/lib/plugins/markdowku/syntax/headeratx.php:96 addCall should be used instead!
2026-05-20 12:41:19		Doku_Handler::_addCall() is deprecated. It was called from syntax_plugin_markdowku_headeratx::handle() in /var/www/vhosts/wiki.mipc.cc/lib/plugins/markdowku/syntax/headeratx.php:97 addCall should be used instead!
2026-05-20 12:41:19		Doku_Handler::_addCall() is deprecated. It was called from syntax_plugin_markdowku_ulists::handle() in /var/www/vhosts/wiki.mipc.cc/lib/plugins/markdowku/syntax/ulists.php:45 addCall should be used instead!
2026-05-20 12:41:19		Doku_Handler::_addCall() is deprecated. It was called from syntax_plugin_markdowku_ulists::handle() in /var/www/vhosts/wiki.mipc.cc/lib/plugins/markdowku/syntax/ulists.php:51 addCall should be used instead!
2026-05-20 12:41:19		Doku_Handler::_addCall() is deprecated. It was called from syntax_plugin_markdowku_ulists::handle() in /var/www/vhosts/wiki.mipc.cc/lib/plugins/markdowku/syntax/ulists.php:48 addCall should be used instead!
2026-05-20 12:41:19		Doku_Handler::_addCall() is deprecated. It was called from syntax_plugin_markdowku_ulists::handle() in /var/www/vhosts/wiki.mipc.cc/lib/plugins/markdowku/syntax/ulists.php:51 addCall should be used instead!
2026-05-20 12:41:19		Doku_Handler::_addCall() is deprecated. It was called from syntax_plugin_markdowku_ulists::handle() in /var/www/vhosts/wiki.mipc.cc/lib/plugins/markdowku/syntax/ulists.php:54 addCall should be used instead!
2026-05-20 12:41:19		Doku_Handler::_addCall() is deprecated. It was called from syntax_plugin_markdowku_headeratx::handle() in /var/www/vhosts/wiki.mipc.cc/lib/plugins/markdowku/syntax/headeratx.php:90 addCall should be used instead!
2026-05-20 12:41:19		Doku_Handler::_addCall() is deprecated. It was called from syntax_plugin_markdowku_headeratx::handle() in /var/www/vhosts/wiki.mipc.cc/lib/plugins/markdowku/syntax/headeratx.php:96 addCall should be used instead!
2026-05-20 12:41:19		Doku_Handler::_addCall() is deprecated. It was called from syntax_plugin_markdowku_headeratx::handle() in /var/www/vhosts/wiki.mipc.cc/lib/plugins/markdowku/syntax/headeratx.php:97 addCall should be used instead!
2026-05-20 12:41:19		Doku_Handler::_addCall() is deprecated. It was called from syntax_plugin_markdowku_ulists::handle() in /var/www/vhosts/wiki.mipc.cc/lib/plugins/markdowku/syntax/ulists.php:45 addCall should be used instead!
2026-05-20 12:41:19		Doku_Handler::_addCall() is deprecated. It was called from syntax_plugin_markdowku_ulists::handle() in /var/www/vhosts/wiki.mipc.cc/lib/plugins/markdowku/syntax/ulists.php:51 addCall should be used instead!
2026-05-20 12:41:19		Doku_Handler::_addCall() is deprecated. It was called from syntax_plugin_markdowku_ulists::handle() in /var/www/vhosts/wiki.mipc.cc/lib/plugins/markdowku/syntax/ulists.php:51 addCall should be used instead!
2026-05-20 12:41:19		Doku_Handler::_addCall() is deprecated. It was called from syntax_plugin_markdowku_ulists::handle() in /var/www/vhosts/wiki.mipc.cc/lib/plugins/markdowku/syntax/ulists.php:48 addCall should be used instead!
2026-05-20 12:41:19		Doku_Handler::_addCall() is deprecated. It was called from syntax_plugin_markdowku_ulists::handle() in /var/www/vhosts/wiki.mipc.cc/lib/plugins/markdowku/syntax/ulists.php:51 addCall should be used instead!
2026-05-20 12:41:19		Doku_Handler::_addCall() is deprecated. It was called from syntax_plugin_markdowku_ulists::handle() in /var/www/vhosts/wiki.mipc.cc/lib/plugins/markdowku/syntax/ulists.php:51 addCall should be used instead!
2026-05-20 12:41:19		Doku_Handler::_addCall() is deprecated. It was called from syntax_plugin_markdowku_ulists::handle() in /var/www/vhosts/wiki.mipc.cc/lib/plugins/markdowku/syntax/ulists.php:48 addCall should be used instead!
2026-05-20 12:41:19		Doku_Handler::_addCall() is deprecated. It was called from syntax_plugin_markdowku_ulists::handle() in /var/www/vhosts/wiki.mipc.cc/lib/plugins/markdowku/syntax/ulists.php:51 addCall should be used instead!
2026-05-20 12:41:19		Doku_Handler::_addCall() is deprecated. It was called from syntax_plugin_markdowku_ulists::handle() in /var/www/vhosts/wiki.mipc.cc/lib/plugins/markdowku/syntax/ulists.php:51 addCall should be used instead!
2026-05-20 12:41:19		Doku_Handler::_addCall() is deprecated. It was called from syntax_plugin_markdowku_ulists::handle() in /var/www/vhosts/wiki.mipc.cc/lib/plugins/markdowku/syntax/ulists.php:48 addCall should be used instead!
2026-05-20 12:41:19		Doku_Handler::_addCall() is deprecated. It was called from syntax_plugin_markdowku_ulists::handle() in /var/www/vhosts/wiki.mipc.cc/lib/plugins/markdowku/syntax/ulists.php:51 addCall should be used instead!
2026-05-20 12:41:19		Doku_Handler::_addCall() is deprecated. It was called from syntax_plugin_markdowku_ulists::handle() in /var/www/vhosts/wiki.mipc.cc/lib/plugins/markdowku/syntax/ulists.php:51 addCall should be used instead!
2026-05-20 12:41:19		Doku_Handler::_addCall() is deprecated. It was called from syntax_plugin_markdowku_ulists::handle() in /var/www/vhosts/wiki.mipc.cc/lib/plugins/markdowku/syntax/ulists.php:48 addCall should be used instead!
2026-05-20 12:41:19		Doku_Handler::_addCall() is deprecated. It was called from syntax_plugin_markdowku_ulists::handle() in /var/www/vhosts/wiki.mipc.cc/lib/plugins/markdowku/syntax/ulists.php:51 addCall should be used instead!
2026-05-20 12:41:19		Doku_Handler::_addCall() is deprecated. It was called from syntax_plugin_markdowku_ulists::handle() in /var/www/vhosts/wiki.mipc.cc/lib/plugins/markdowku/syntax/ulists.php:51 addCall should be used instead!
2026-05-20 12:41:19		Doku_Handler::_addCall() is deprecated. It was called from syntax_plugin_markdowku_ulists::handle() in /var/www/vhosts/wiki.mipc.cc/lib/plugins/markdowku/syntax/ulists.php:54 addCall should be used instead!
2026-05-20 12:41:19		Doku_Handler::_addCall() is deprecated. It was called from syntax_plugin_markdowku_hr::handle() in /var/www/vhosts/wiki.mipc.cc/lib/plugins/markdowku/syntax/hr.php:39 addCall should be used instead!
2026-05-20 12:41:19		Doku_Handler::_addCall() is deprecated. It was called from syntax_plugin_markdowku_headeratx::handle() in /var/www/vhosts/wiki.mipc.cc/lib/plugins/markdowku/syntax/headeratx.php:90 addCall should be used instead!
2026-05-20 12:41:19		Doku_Handler::_addCall() is deprecated. It was called from syntax_plugin_markdowku_headeratx::handle() in /var/www/vhosts/wiki.mipc.cc/lib/plugins/markdowku/syntax/headeratx.php:96 addCall should be used instead!
2026-05-20 12:41:19		Doku_Handler::_addCall() is deprecated. It was called from syntax_plugin_markdowku_headeratx::handle() in /var/www/vhosts/wiki.mipc.cc/lib/plugins/markdowku/syntax/headeratx.php:97 addCall should be used instead!
2026-05-20 12:41:19		Doku_Handler::_addCall() is deprecated. It was called from syntax_plugin_markdowku_ulists::handle() in /var/www/vhosts/wiki.mipc.cc/lib/plugins/markdowku/syntax/ulists.php:45 addCall should be used instead!
2026-05-20 12:41:19		Doku_Handler::_addCall() is deprecated. It was called from syntax_plugin_markdowku_ulists::handle() in /var/www/vhosts/wiki.mipc.cc/lib/plugins/markdowku/syntax/ulists.php:54 addCall should be used instead!
2026-05-20 12:41:19		Doku_Handler::_addCall() is deprecated. It was called from syntax_plugin_markdowku_hr::handle() in /var/www/vhosts/wiki.mipc.cc/lib/plugins/markdowku/syntax/hr.php:39 addCall should be used instead!
2026-05-20 12:41:19		Doku_Handler::_addCall() is deprecated. It was called from syntax_plugin_markdowku_headeratx::handle() in /var/www/vhosts/wiki.mipc.cc/lib/plugins/markdowku/syntax/headeratx.php:90 addCall should be used instead!
2026-05-20 12:41:19		Doku_Handler::_addCall() is deprecated. It was called from syntax_plugin_markdowku_headeratx::handle() in /var/www/vhosts/wiki.mipc.cc/lib/plugins/markdowku/syntax/headeratx.php:96 addCall should be used instead!
2026-05-20 12:41:19		Doku_Handler::_addCall() is deprecated. It was called from syntax_plugin_markdowku_headeratx::handle() in /var/www/vhosts/wiki.mipc.cc/lib/plugins/markdowku/syntax/headeratx.php:97 addCall should be used instead!
2026-05-20 12:41:24		require_once() is deprecated. It was called from require() in /var/www/vhosts/wiki.mipc.cc/lib/plugins/markdowku/syntax/anchorsinline.php:8 Autoloading should be used instead!
2026-05-20 12:41:24		Doku_Handler::_addCall() is deprecated. It was called from syntax_plugin_markdowku_headeratx::handle() in /var/www/vhosts/wiki.mipc.cc/lib/plugins/markdowku/syntax/headeratx.php:96 addCall should be used instead!
2026-05-20 12:41:24		Doku_Handler::_addCall() is deprecated. It was called from syntax_plugin_markdowku_headeratx::handle() in /var/www/vhosts/wiki.mipc.cc/lib/plugins/markdowku/syntax/headeratx.php:97 addCall should be used instead!
2026-05-20 12:41:55		require_once() is deprecated. It was called from require() in /var/www/vhosts/wiki.mipc.cc/lib/plugins/markdowku/syntax/anchorsinline.php:8 Autoloading should be used instead!
2026-05-20 12:41:55		Doku_Handler::_addCall() is deprecated. It was called from syntax_plugin_markdowku_headeratx::handle() in /var/www/vhosts/wiki.mipc.cc/lib/plugins/markdowku/syntax/headeratx.php:96 addCall should be used instead!
2026-05-20 12:41:55		Doku_Handler::_addCall() is deprecated. It was called from syntax_plugin_markdowku_headeratx::handle() in /var/www/vhosts/wiki.mipc.cc/lib/plugins/markdowku/syntax/headeratx.php:97 addCall should be used instead!
2026-05-20 12:42:27		require_once() is deprecated. It was called from require() in /var/www/vhosts/wiki.mipc.cc/lib/plugins/markdowku/syntax/anchorsinline.php:8 Autoloading should be used instead!
2026-05-20 12:42:27		Doku_Handler::_addCall() is deprecated. It was called from syntax_plugin_markdowku_headeratx::handle() in /var/www/vhosts/wiki.mipc.cc/lib/plugins/markdowku/syntax/headeratx.php:96 addCall should be used instead!
2026-05-20 12:42:27		Doku_Handler::_addCall() is deprecated. It was called from syntax_plugin_markdowku_headeratx::handle() in /var/www/vhosts/wiki.mipc.cc/lib/plugins/markdowku/syntax/headeratx.php:97 addCall should be used instead!
2026-05-20 12:42:27		require_once() is deprecated. It was called from require() in /var/www/vhosts/wiki.mipc.cc/lib/plugins/markdowku/syntax/anchorsinline.php:8 Autoloading should be used instead!
2026-05-20 12:42:27		Doku_Handler::_addCall() is deprecated. It was called from syntax_plugin_markdowku_headeratx::handle() in /var/www/vhosts/wiki.mipc.cc/lib/plugins/markdowku/syntax/headeratx.php:96 addCall should be used instead!
2026-05-20 12:42:27		Doku_Handler::_addCall() is deprecated. It was called from syntax_plugin_markdowku_headeratx::handle() in /var/www/vhosts/wiki.mipc.cc/lib/plugins/markdowku/syntax/headeratx.php:97 addCall should be used instead!
2026-05-20 12:42:52		require_once() is deprecated. It was called from require() in /var/www/vhosts/wiki.mipc.cc/lib/plugins/markdowku/syntax/anchorsinline.php:8 Autoloading should be used instead!
2026-05-20 12:42:52		Doku_Handler::_addCall() is deprecated. It was called from syntax_plugin_markdowku_headeratx::handle() in /var/www/vhosts/wiki.mipc.cc/lib/plugins/markdowku/syntax/headeratx.php:96 addCall should be used instead!
2026-05-20 12:42:52		Doku_Handler::_addCall() is deprecated. It was called from syntax_plugin_markdowku_headeratx::handle() in /var/www/vhosts/wiki.mipc.cc/lib/plugins/markdowku/syntax/headeratx.php:97 addCall should be used instead!
2026-05-20 12:42:52		require_once() is deprecated. It was called from require() in /var/www/vhosts/wiki.mipc.cc/lib/plugins/markdowku/syntax/anchorsinline.php:8 Autoloading should be used instead!
2026-05-20 12:42:52		Doku_Handler::_addCall() is deprecated. It was called from syntax_plugin_markdowku_headeratx::handle() in /var/www/vhosts/wiki.mipc.cc/lib/plugins/markdowku/syntax/headeratx.php:96 addCall should be used instead!
2026-05-20 12:42:52		Doku_Handler::_addCall() is deprecated. It was called from syntax_plugin_markdowku_headeratx::handle() in /var/www/vhosts/wiki.mipc.cc/lib/plugins/markdowku/syntax/headeratx.php:97 addCall should be used instead!
2026-05-20 12:42:54		require_once() is deprecated. It was called from require() in /var/www/vhosts/wiki.mipc.cc/lib/plugins/markdowku/syntax/anchorsinline.php:8 Autoloading should be used instead!
2026-05-20 12:42:54		Doku_Handler::_addCall() is deprecated. It was called from syntax_plugin_markdowku_headeratx::handle() in /var/www/vhosts/wiki.mipc.cc/lib/plugins/markdowku/syntax/headeratx.php:96 addCall should be used instead!
2026-05-20 12:42:54		Doku_Handler::_addCall() is deprecated. It was called from syntax_plugin_markdowku_headeratx::handle() in /var/www/vhosts/wiki.mipc.cc/lib/plugins/markdowku/syntax/headeratx.php:97 addCall should be used instead!
2026-05-20 12:43:14		require_once() is deprecated. It was called from require() in /var/www/vhosts/wiki.mipc.cc/lib/plugins/markdowku/syntax/anchorsinline.php:8 Autoloading should be used instead!
2026-05-20 12:43:14		Doku_Handler::_addCall() is deprecated. It was called from syntax_plugin_markdowku_headeratx::handle() in /var/www/vhosts/wiki.mipc.cc/lib/plugins/markdowku/syntax/headeratx.php:96 addCall should be used instead!
2026-05-20 12:43:14		Doku_Handler::_addCall() is deprecated. It was called from syntax_plugin_markdowku_headeratx::handle() in /var/www/vhosts/wiki.mipc.cc/lib/plugins/markdowku/syntax/headeratx.php:97 addCall should be used instead!
2026-05-20 12:43:14		require_once() is deprecated. It was called from require() in /var/www/vhosts/wiki.mipc.cc/lib/plugins/markdowku/syntax/anchorsinline.php:8 Autoloading should be used instead!
2026-05-20 12:43:14		Doku_Handler::_addCall() is deprecated. It was called from syntax_plugin_markdowku_headeratx::handle() in /var/www/vhosts/wiki.mipc.cc/lib/plugins/markdowku/syntax/headeratx.php:96 addCall should be used instead!
2026-05-20 12:43:14		Doku_Handler::_addCall() is deprecated. It was called from syntax_plugin_markdowku_headeratx::handle() in /var/www/vhosts/wiki.mipc.cc/lib/plugins/markdowku/syntax/headeratx.php:97 addCall should be used instead!
2026-05-20 12:43:17		require_once() is deprecated. It was called from require() in /var/www/vhosts/wiki.mipc.cc/lib/plugins/markdowku/syntax/anchorsinline.php:8 Autoloading should be used instead!
2026-05-20 12:43:17		Doku_Handler::_addCall() is deprecated. It was called from syntax_plugin_markdowku_headeratx::handle() in /var/www/vhosts/wiki.mipc.cc/lib/plugins/markdowku/syntax/headeratx.php:96 addCall should be used instead!
2026-05-20 12:43:17		Doku_Handler::_addCall() is deprecated. It was called from syntax_plugin_markdowku_headeratx::handle() in /var/www/vhosts/wiki.mipc.cc/lib/plugins/markdowku/syntax/headeratx.php:97 addCall should be used instead!
2026-05-20 12:43:20		require_once() is deprecated. It was called from require() in /var/www/vhosts/wiki.mipc.cc/lib/plugins/markdowku/syntax/headeratx.php:8 Autoloading should be used instead!
2026-05-20 12:43:21		require_once() is deprecated. It was called from require() in /var/www/vhosts/wiki.mipc.cc/lib/plugins/markdowku/syntax/headeratx.php:8 Autoloading should be used instead!
2026-05-20 12:43:38		require_once() is deprecated. It was called from require() in /var/www/vhosts/wiki.mipc.cc/lib/plugins/markdowku/syntax/anchorsinline.php:8 Autoloading should be used instead!
2026-05-20 12:43:38		Doku_Handler::_addCall() is deprecated. It was called from syntax_plugin_markdowku_headeratx::handle() in /var/www/vhosts/wiki.mipc.cc/lib/plugins/markdowku/syntax/headeratx.php:96 addCall should be used instead!
2026-05-20 12:43:38		Doku_Handler::_addCall() is deprecated. It was called from syntax_plugin_markdowku_headeratx::handle() in /var/www/vhosts/wiki.mipc.cc/lib/plugins/markdowku/syntax/headeratx.php:97 addCall should be used instead!
2026-05-20 12:43:38		require_once() is deprecated. It was called from require() in /var/www/vhosts/wiki.mipc.cc/lib/plugins/markdowku/syntax/anchorsinline.php:8 Autoloading should be used instead!
2026-05-20 12:43:38		Doku_Handler::_addCall() is deprecated. It was called from syntax_plugin_markdowku_headeratx::handle() in /var/www/vhosts/wiki.mipc.cc/lib/plugins/markdowku/syntax/headeratx.php:96 addCall should be used instead!
2026-05-20 12:43:38		Doku_Handler::_addCall() is deprecated. It was called from syntax_plugin_markdowku_headeratx::handle() in /var/www/vhosts/wiki.mipc.cc/lib/plugins/markdowku/syntax/headeratx.php:97 addCall should be used instead!
2026-05-20 12:43:40		require_once() is deprecated. It was called from require() in /var/www/vhosts/wiki.mipc.cc/lib/plugins/markdowku/syntax/anchorsinline.php:8 Autoloading should be used instead!
2026-05-20 12:43:40		Doku_Handler::_addCall() is deprecated. It was called from syntax_plugin_markdowku_headeratx::handle() in /var/www/vhosts/wiki.mipc.cc/lib/plugins/markdowku/syntax/headeratx.php:96 addCall should be used instead!
2026-05-20 12:43:40		Doku_Handler::_addCall() is deprecated. It was called from syntax_plugin_markdowku_headeratx::handle() in /var/www/vhosts/wiki.mipc.cc/lib/plugins/markdowku/syntax/headeratx.php:97 addCall should be used instead!
2026-05-20 12:43:41		require_once() is deprecated. It was called from require() in /var/www/vhosts/wiki.mipc.cc/lib/plugins/markdowku/syntax/anchorsinline.php:8 Autoloading should be used instead!
2026-05-20 12:43:41		Doku_Handler::_addCall() is deprecated. It was called from syntax_plugin_markdowku_headeratx::handle() in /var/www/vhosts/wiki.mipc.cc/lib/plugins/markdowku/syntax/headeratx.php:96 addCall should be used instead!
2026-05-20 12:43:41		Doku_Handler::_addCall() is deprecated. It was called from syntax_plugin_markdowku_headeratx::handle() in /var/www/vhosts/wiki.mipc.cc/lib/plugins/markdowku/syntax/headeratx.php:97 addCall should be used instead!
2026-05-20 12:43:41		Doku_Handler::_addCall() is deprecated. It was called from syntax_plugin_markdowku_headeratx::handle() in /var/www/vhosts/wiki.mipc.cc/lib/plugins/markdowku/syntax/headeratx.php:96 addCall should be used instead!
2026-05-20 12:43:41		Doku_Handler::_addCall() is deprecated. It was called from syntax_plugin_markdowku_headeratx::handle() in /var/www/vhosts/wiki.mipc.cc/lib/plugins/markdowku/syntax/headeratx.php:97 addCall should be used instead!
2026-05-20 12:43:41		Doku_Handler::_addCall() is deprecated. It was called from syntax_plugin_markdowku_headeratx::handle() in /var/www/vhosts/wiki.mipc.cc/lib/plugins/markdowku/syntax/headeratx.php:96 addCall should be used instead!
2026-05-20 12:43:41		Doku_Handler::_addCall() is deprecated. It was called from syntax_plugin_markdowku_headeratx::handle() in /var/www/vhosts/wiki.mipc.cc/lib/plugins/markdowku/syntax/headeratx.php:97 addCall should be used instead!
2026-05-20 12:43:41		Doku_Handler::_addCall() is deprecated. It was called from syntax_plugin_markdowku_headeratx::handle() in /var/www/vhosts/wiki.mipc.cc/lib/plugins/markdowku/syntax/headeratx.php:96 addCall should be used instead!
2026-05-20 12:43:41		Doku_Handler::_addCall() is deprecated. It was called from syntax_plugin_markdowku_headeratx::handle() in /var/www/vhosts/wiki.mipc.cc/lib/plugins/markdowku/syntax/headeratx.php:97 addCall should be used instead!
2026-05-20 12:43:41		require_once() is deprecated. It was called from require() in /var/www/vhosts/wiki.mipc.cc/lib/plugins/markdowku/syntax/anchorsinline.php:8 Autoloading should be used instead!
2026-05-20 12:43:41		Doku_Handler::_addCall() is deprecated. It was called from syntax_plugin_markdowku_headeratx::handle() in /var/www/vhosts/wiki.mipc.cc/lib/plugins/markdowku/syntax/headeratx.php:96 addCall should be used instead!
2026-05-20 12:43:41		Doku_Handler::_addCall() is deprecated. It was called from syntax_plugin_markdowku_headeratx::handle() in /var/www/vhosts/wiki.mipc.cc/lib/plugins/markdowku/syntax/headeratx.php:97 addCall should be used instead!
2026-05-20 12:43:51		require_once() is deprecated. It was called from require() in /var/www/vhosts/wiki.mipc.cc/lib/plugins/markdowku/syntax/headeratx.php:8 Autoloading should be used instead!
